android/build/intermediates/manifest_merge_blame_file/debug/manifest-merger-blame-debug-report.txt
1<?xml version="1.0" encoding="utf-8"?>
2<manifest xmlns:android="http://schemas.android.com/apk/res/android"
3    package="com.burnweb.rnsendintent"
4    android:versionCode="28"
5    android:versionName="1.3.0" >
6
7    <uses-sdk
8        android:minSdkVersion="21"
8-->src/main/AndroidManifest.xml
9        android:targetSdkVersion="33" />
9-->src/main/AndroidManifest.xml
10
11    <application>
11-->src/main/AndroidManifest.xml:4:5-20:19
12        <service
12-->src/main/AndroidManifest.xml:5:9-7:43
13            android:name="com.burnweb.rnsendintent.RNSendIntentModule"
13-->src/main/AndroidManifest.xml:6:17-51
14            android:exported="true" />
14-->src/main/AndroidManifest.xml:7:17-40
15
16        <provider
16-->src/main/AndroidManifest.xml:8:9-18:20
17            android:name="com.burnweb.rnsendintent.FileProvider"
17-->src/main/AndroidManifest.xml:9:17-69
18            android:authorities="${applicationId}.fileprovider"
18-->src/main/AndroidManifest.xml:10:17-68
19            android:exported="false"
19-->src/main/AndroidManifest.xml:11:17-41
20            android:grantUriPermissions="true" >
20-->src/main/AndroidManifest.xml:12:17-51
21            <meta-data
21-->src/main/AndroidManifest.xml:14:13-16:58
22                android:name="android.support.FILE_PROVIDER_PATHS"
22-->src/main/AndroidManifest.xml:15:21-71
23                android:resource="@xml/file_paths" />
23-->src/main/AndroidManifest.xml:16:21-55
24        </provider>
25    </application>
26
27</manifest>